xrun(64): 20.11-a001: (c) Copyright 1995-2020 Cadence Design Systems, Inc.
TOOL:	xrun(64)	20.11-a001: Started on May 26, 2022 at 08:35:29 MST
xrun
	-f run.f
		-64
		-uvmhome /pkg/cadence-xcelium-/20.11.001/i686-linux/tools/methodology/UVM/CDNS-1.1d
		-incdir ../sv
		../sv/yapp_pkg.sv
		top.sv
		+UVM_TESTNAME=base_test
		+UVM_VERBOSITY=UVM_LOW
	-licqueue
	-noievlic

   User defined plus("+") options:
	+UVM_VERBOSITY=UVM_LOW

Recompiling... reason: file './router_test_lib.sv' is newer than expected.
	expected: Wed May 25 13:43:01 2022
	actual:   Thu May 26 08:35:25 2022
Compiling UVM packages (uvm_pkg.sv cdns_uvm_pkg.sv) using uvmhome location /pkg/cadence-xcelium-/20.11.001/i686-linux/tools/methodology/UVM/CDNS-1.1d
file: ../sv/yapp_pkg.sv
package yapp_pkg;
               |
xmvlog: *W,TSNSPK (../sv/yapp_pkg.sv,1|15): `timescale is not specified for the package.  The default timescale of 1ns/1ns will be assumed for this package.
file: top.sv
	module worklib.top:sv
		errors: 0, warnings: 0
		Caching library 'worklib' ....... Done
	Elaborating the design hierarchy:
	Top level design units:
		uvm_pkg
		cdns_uvmapi
		cdns_assert2uvm_pkg
		cdns_uvm_pkg
		yapp_pkg
		top
xmelab: *W,DSEMEL: This SystemVerilog design will be simulated as per IEEE 1800-2009 SystemVerilog simulation semantics. Use -disable_sem2009 option for turning off SV 2009 simulation semantics.
	Building instance overlay tables: .................... Done
	Generating native compiled code:
		worklib.uvm_pkg:sv <0x26b75419>
			streams:   6, words:  3460
		worklib.uvm_pkg:sv <0x39d585f0>
			streams:   6, words:  3120
		worklib.uvm_pkg:sv <0x2a81407b>
			streams:   5, words:  2530
		worklib.uvm_pkg:sv <0x018ce3b5>
			streams:   7, words:  1927
		worklib.uvm_pkg:sv <0x161659c2>
			streams:   8, words:  2774
		worklib.uvm_pkg:sv <0x31c4db72>
			streams:  21, words: 49969
		worklib.uvm_pkg:sv <0x33ced61e>
			streams:   7, words:  1927
		worklib.uvm_pkg:sv <0x49088bf5>
			streams:   7, words:  3064
		worklib.uvm_pkg:sv <0x3d0fb483>
			streams:  24, words: 19795
		worklib.uvm_pkg:sv <0x2a653a90>
			streams:  24, words: 18809
		worklib.uvm_pkg:sv <0x6105680d>
			streams:  20, words: 18289
		worklib.uvm_pkg:sv <0x13fd4d1b>
			streams:  11, words:  4048
		worklib.uvm_pkg:sv <0x67ef8a0d>
			streams:  23, words: 30419
		worklib.uvm_pkg:sv <0x33992e13>
			streams:   7, words:  2431
		worklib.uvm_pkg:sv <0x13afbb66>
			streams:  12, words: 14984
		worklib.uvm_pkg:sv <0x0685cd9d>
			streams:  23, words: 23531
		worklib.uvm_pkg:sv <0x4e4a182c>
			streams:  22, words: 50123
		worklib.uvm_pkg:sv <0x3b82e2fa>
			streams:  25, words: 31420
		worklib.uvm_pkg:sv <0x1a7ff84c>
			streams:  24, words: 45729
		worklib.uvm_pkg:sv <0x443ab504>
			streams:  25, words: 34203
		worklib.uvm_pkg:sv <0x22721b7b>
			streams:  23, words: 51285
		worklib.uvm_pkg:sv <0x38f2427d>
			streams:  25, words: 36281
		worklib.uvm_pkg:sv <0x65c50f1a>
			streams:  23, words: 56904
		worklib.uvm_pkg:sv <0x5fde680d>
			streams:  25, words: 40813
		worklib.uvm_pkg:sv <0x78dd1acc>
			streams:  23, words: 50021
		worklib.uvm_pkg:sv <0x0be75867>
			streams:  23, words: 52999
		worklib.uvm_pkg:sv <0x7cd5c94c>
			streams:  25, words: 33487
		worklib.uvm_pkg:sv <0x6c5e72c1>
			streams:  23, words: 49429
		worklib.uvm_pkg:sv <0x5fb30ca3>
			streams:  25, words: 74663
		worklib.uvm_pkg:sv <0x46b5ab6c>
			streams:  53, words: 71563
		worklib.cdns_uvm_pkg:sv <0x4b2d4f7d>
			streams:  26, words: 33776
		worklib.cdns_uvm_pkg:sv <0x5326de1b>
			streams:   8, words:  3879
		worklib.cdns_uvm_pkg:sv <0x4783a912>
			streams:  10, words:  8596
		worklib.uvm_pkg:sv <0x145d7d68>
			streams:  21, words: 14686
		worklib.uvm_pkg:sv <0x127962df>
			streams:   7, words:  3064
		worklib.uvm_pkg:sv <0x4553b42f>
			streams:  20, words: 13732
		worklib.uvm_pkg:sv <0x5923aa81>
			streams:  20, words: 12440
		worklib.uvm_pkg:sv <0x175a1dd9>
			streams:  22, words: 24070
		worklib.uvm_pkg:sv <0x64eb4130>
			streams:   8, words:  4079
		worklib.uvm_pkg:sv <0x61ece657>
			streams:  43, words: 31819
		worklib.uvm_pkg:sv <0x66c16150>
			streams:  20, words: 12661
		worklib.uvm_pkg:sv <0x00150c05>
			streams:   7, words:  3064
		worklib.uvm_pkg:sv <0x00035523>
			streams:  23, words: 21719
		worklib.uvm_pkg:sv <0x3ebcf511>
			streams:  30, words: 24844
		worklib.uvm_pkg:sv <0x7bcd6e18>
			streams: 257, words: 298370
		worklib.uvm_pkg:sv <0x2c8ddd98>
			streams:  25, words: 68061
		worklib.top:sv <0x35cb9f09>
			streams:   1, words:   652
		worklib.yapp_pkg:sv <0x2342edf6>
			streams:   0, words:     0
		worklib.cdns_uvm_pkg:sv <0x1f59ae12>
			streams: 128, words: 214650
		worklib.cdns_uvmapi:svp <0x3de1d1c6>
			streams:  27, words: 30379
		worklib.cdns_assert2uvm_pkg:sv <0x0bac4093>
			streams:   3, words:  2148
		worklib.uvm_pkg:sv <0x449b3311>
			streams: 3939, words: 6284548
	Building instance specific data structures.
	Loading native compiled code:     .................... Done
	Design hierarchy summary:
		                       Instances  Unique
		Modules:                       1       1
		Verilog packages:              5       5
		Registers:                 13657   10196
		Named events:                  4      12
		Initial blocks:              283     155
		Parallel blocks:              26      27
		Assertions:                    2       2
		SV Class declarations:       199     313
		SV Class specializations:    378     378
	Writing initial simulation snapshot: worklib.top:sv
Loading snapshot worklib.top:sv .................... Done
SVSEED default: 1
xmsim: *W,RNDXCELON: A newer version of the SystemVerilog constraint solver is being used which has better support for array-solving, new solve-order mechanism, and seed stability enhancements..
xmsim: *W,DSEM2009: This SystemVerilog design is simulated as per IEEE 1800-2009 SystemVerilog simulation semantics. Use -disable_sem2009 option for turning off SV 2009 simulation semantics.
xcelium> source /pkg/cadence-xcelium-/20.11.001/i686-linux/tools/xcelium/files/xmsimrc
xcelium> source /pkg/cadence-xcelium-/20.11.001/i686-linux/tools/methodology/UVM/CDNS-1.1d/additions/sv/files/tcl/uvm_sim.tcl
xcelium> run
----------------------------------------------------------------
CDNS-UVM-1.1d (20.11-a001)
(C) 2007-2013 Mentor Graphics Corporation
(C) 2007-2013 Cadence Design Systems, Inc.
(C) 2006-2013 Synopsys, Inc.
(C) 2011-2013 Cypress Semiconductor Corp.
----------------------------------------------------------------

  ***********       IMPORTANT RELEASE NOTES         ************

  You are using a version of the UVM library that has been compiled
  with `UVM_NO_DEPRECATED undefined.
  See http://www.eda.org/svdb/view.php?id=3313 for more details.

  You are using a version of the UVM library that has been compiled
  with `UVM_OBJECT_MUST_HAVE_CONSTRUCTOR undefined.
  See http://www.eda.org/svdb/view.php?id=3770 for more details.

      (Specify +UVM_NO_RELNOTES to turn off this notice)

UVM_INFO @ 0: reporter [RNTST] Running test base_test...
UVM_INFO @ 0: reporter [UVMTOP] UVM testbench topology:
----------------------------------------------------------------------
Name                         Type                     Size  Value     
----------------------------------------------------------------------
uvm_test_top                 base_test                -     @2578     
  router                     router_tb                -     @2642     
    yapp                     yapp_env                 -     @2682     
      agent                  yapp_tx_agent            -     @2714     
        driver               yapp_tx_driver           -     @3420     
          rsp_port           uvm_analysis_port        -     @3518     
          seq_item_port      uvm_seq_item_pull_port   -     @3469     
        monitor              yapp_tx_monitor          -     @2750     
        sequencer            yapp_tx_sequencer        -     @2747     
          rsp_export         uvm_analysis_export      -     @2838     
          seq_item_export    uvm_seq_item_pull_imp    -     @3388     
          arbitration_queue  array                    0     -         
          lock_queue         array                    0     -         
          num_last_reqs      integral                 32    'd1       
          num_last_rsps      integral                 32    'd1       
        is_active            uvm_active_passive_enum  1     UVM_ACTIVE
----------------------------------------------------------------------

UVM_INFO ../sv/yapp_tx_monitor.sv(9) @ 0: uvm_test_top.router.yapp.agent.monitor [yapp_tx_monitor] Inside the monitor
UVM_INFO ../sv/yapp_tx_seqs.sv(81) @ 0: uvm_test_top.router.yapp.agent.sequencer@@yapp_5_packets [yapp_5_packets] Executing yapp_5_packets sequence
UVM_INFO ../sv/yapp_tx_driver.sv(17) @ 0: uvm_test_top.router.yapp.agent.driver [yapp_tx_driver] Packet is 
-----------------------------------------------------------------------------------------------------------
Name                           Type           Size  Value                                                  
-----------------------------------------------------------------------------------------------------------
req                            yapp_packet    -     @3589                                                  
  addr                         integral       2     'h1                                                    
  length                       integral       6     'h17                                                   
  payload                      da(integral)   23    -                                                      
    [0]                        integral       8     'hf4                                                   
    [1]                        integral       8     'hb                                                    
    [2]                        integral       8     'h21                                                   
    [3]                        integral       8     'ha8                                                   
    [4]                        integral       8     'h86                                                   
    ...                        ...            ...   ...                                                    
    [18]                       integral       8     'he0                                                   
    [19]                       integral       8     'hb5                                                   
    [20]                       integral       8     'he9                                                   
    [21]                       integral       8     'haf                                                   
    [22]                       integral       8     'h3e                                                   
  parity                       integral       8     'b110101                                               
  parity_type                  parity_type_e  1     GOOD_PARITY                                            
  packet_delay                 integral       32    'd13                                                   
  begin_time                   time           64    0                                                      
  depth                        int            32    'd2                                                    
  parent sequence (name)       string         14    yapp_5_packets                                         
  parent sequence (full name)  string         55    uvm_test_top.router.yapp.agent.sequencer.yapp_5_packets
  sequencer                    string         40    uvm_test_top.router.yapp.agent.sequencer               
-----------------------------------------------------------------------------------------------------------

UVM_INFO ../sv/yapp_tx_driver.sv(17) @ 10: uvm_test_top.router.yapp.agent.driver [yapp_tx_driver] Packet is 
-----------------------------------------------------------------------------------------------------------
Name                           Type           Size  Value                                                  
-----------------------------------------------------------------------------------------------------------
req                            yapp_packet    -     @3750                                                  
  addr                         integral       2     'h2                                                    
  length                       integral       6     'h14                                                   
  payload                      da(integral)   20    -                                                      
    [0]                        integral       8     'hff                                                   
    [1]                        integral       8     'h52                                                   
    [2]                        integral       8     'hd8                                                   
    [3]                        integral       8     'h2d                                                   
    [4]                        integral       8     'hb5                                                   
    ...                        ...            ...   ...                                                    
    [15]                       integral       8     'hc3                                                   
    [16]                       integral       8     'had                                                   
    [17]                       integral       8     'h6f                                                   
    [18]                       integral       8     'h4f                                                   
    [19]                       integral       8     'hb                                                    
  parity                       integral       8     'b1010101                                              
  parity_type                  parity_type_e  1     GOOD_PARITY                                            
  packet_delay                 integral       32    'd16                                                   
  begin_time                   time           64    10                                                     
  depth                        int            32    'd2                                                    
  parent sequence (name)       string         14    yapp_5_packets                                         
  parent sequence (full name)  string         55    uvm_test_top.router.yapp.agent.sequencer.yapp_5_packets
  sequencer                    string         40    uvm_test_top.router.yapp.agent.sequencer               
-----------------------------------------------------------------------------------------------------------

UVM_INFO ../sv/yapp_tx_driver.sv(17) @ 20: uvm_test_top.router.yapp.agent.driver [yapp_tx_driver] Packet is 
-----------------------------------------------------------------------------------------------------------
Name                           Type           Size  Value                                                  
-----------------------------------------------------------------------------------------------------------
req                            yapp_packet    -     @3766                                                  
  addr                         integral       2     'h2                                                    
  length                       integral       6     'h12                                                   
  payload                      da(integral)   18    -                                                      
    [0]                        integral       8     'ha                                                    
    [1]                        integral       8     'h6f                                                   
    [2]                        integral       8     'h7                                                    
    [3]                        integral       8     'h3                                                    
    [4]                        integral       8     'had                                                   
    ...                        ...            ...   ...                                                    
    [13]                       integral       8     'h82                                                   
    [14]                       integral       8     'hc1                                                   
    [15]                       integral       8     'h3b                                                   
    [16]                       integral       8     'hed                                                   
    [17]                       integral       8     'hc1                                                   
  parity                       integral       8     'b100100                                               
  parity_type                  parity_type_e  1     GOOD_PARITY                                            
  packet_delay                 integral       32    'd5                                                    
  begin_time                   time           64    20                                                     
  depth                        int            32    'd2                                                    
  parent sequence (name)       string         14    yapp_5_packets                                         
  parent sequence (full name)  string         55    uvm_test_top.router.yapp.agent.sequencer.yapp_5_packets
  sequencer                    string         40    uvm_test_top.router.yapp.agent.sequencer               
-----------------------------------------------------------------------------------------------------------

UVM_INFO ../sv/yapp_tx_driver.sv(17) @ 30: uvm_test_top.router.yapp.agent.driver [yapp_tx_driver] Packet is 
-----------------------------------------------------------------------------------------------------------
Name                           Type           Size  Value                                                  
-----------------------------------------------------------------------------------------------------------
req                            yapp_packet    -     @3720                                                  
  addr                         integral       2     'h0                                                    
  length                       integral       6     'h2f                                                   
  payload                      da(integral)   47    -                                                      
    [0]                        integral       8     'he4                                                   
    [1]                        integral       8     'hc4                                                   
    [2]                        integral       8     'h15                                                   
    [3]                        integral       8     'h48                                                   
    [4]                        integral       8     'h2b                                                   
    ...                        ...            ...   ...                                                    
    [42]                       integral       8     'h3e                                                   
    [43]                       integral       8     'hf5                                                   
    [44]                       integral       8     'hc6                                                   
    [45]                       integral       8     'ha4                                                   
    [46]                       integral       8     'h29                                                   
  parity                       integral       8     'b10011001                                             
  parity_type                  parity_type_e  1     GOOD_PARITY                                            
  packet_delay                 integral       32    'd16                                                   
  begin_time                   time           64    30                                                     
  depth                        int            32    'd2                                                    
  parent sequence (name)       string         14    yapp_5_packets                                         
  parent sequence (full name)  string         55    uvm_test_top.router.yapp.agent.sequencer.yapp_5_packets
  sequencer                    string         40    uvm_test_top.router.yapp.agent.sequencer               
-----------------------------------------------------------------------------------------------------------

UVM_INFO ../sv/yapp_tx_driver.sv(17) @ 40: uvm_test_top.router.yapp.agent.driver [yapp_tx_driver] Packet is 
-----------------------------------------------------------------------------------------------------------
Name                           Type           Size  Value                                                  
-----------------------------------------------------------------------------------------------------------
req                            yapp_packet    -     @3686                                                  
  addr                         integral       2     'h0                                                    
  length                       integral       6     'h3                                                    
  payload                      da(integral)   3     -                                                      
    [0]                        integral       8     'hbe                                                   
    [1]                        integral       8     'hf0                                                   
    [2]                        integral       8     'h9b                                                   
  parity                       integral       8     'b11011001                                             
  parity_type                  parity_type_e  1     GOOD_PARITY                                            
  packet_delay                 integral       32    'd14                                                   
  begin_time                   time           64    40                                                     
  depth                        int            32    'd2                                                    
  parent sequence (name)       string         14    yapp_5_packets                                         
  parent sequence (full name)  string         55    uvm_test_top.router.yapp.agent.sequencer.yapp_5_packets
  sequencer                    string         40    uvm_test_top.router.yapp.agent.sequencer               
-----------------------------------------------------------------------------------------------------------

UVM_INFO /pkg/cadence-xcelium-/20.11.001/i686-linux/tools/methodology/UVM/CDNS-1.1d/sv/src/base/uvm_objection.svh(1268) @ 50: reporter [TEST_DONE] 'run' phase is ready to proceed to the 'extract' phase

--- UVM Report catcher Summary ---


Number of demoted UVM_FATAL reports  :    0
Number of demoted UVM_ERROR reports  :    0
Number of demoted UVM_WARNING reports:    0
Number of caught UVM_FATAL reports   :    0
Number of caught UVM_ERROR reports   :    0
Number of caught UVM_WARNING reports :    0

--- UVM Report Summary ---

** Report counts by severity
UVM_INFO :   10
UVM_WARNING :    0
UVM_ERROR :    0
UVM_FATAL :    0
** Report counts by id
[RNTST]     1
[TEST_DONE]     1
[UVMTOP]     1
[yapp_5_packets]     1
[yapp_tx_driver]     5
[yapp_tx_monitor]     1
Simulation complete via $finish(1) at time 50 NS + 49
/pkg/cadence-xcelium-/20.11.001/i686-linux/tools/methodology/UVM/CDNS-1.1d/sv/src/base/uvm_root.svh:457     $finish;
xcelium> exit
TOOL:	xrun(64)	20.11-a001: Exiting on May 26, 2022 at 08:35:53 MST  (total: 00:00:24)
