xrun(64): 20.11-a001: (c) Copyright 1995-2020 Cadence Design Systems, Inc.
TOOL:	xrun(64)	20.11-a001: Started on May 26, 2022 at 14:31:31 MST
xrun
	-f run.f
		-64
		-uvmhome /pkg/cadence-xcelium-/20.11.001/i686-linux/tools/methodology/UVM/CDNS-1.1d
		-incdir ../sv
		../sv/yapp_pkg.sv
		top.sv
		+UVM_TESTNAME=base_test
		+UVM_VERBOSITY=UVM_LOW
	+UVM_TESTNAME=set_config_test
	-licqueue
	-noievlic

   User defined plus("+") options:
	+UVM_VERBOSITY=UVM_LOW

Recompiling... reason: file './router_test_lib.sv' is newer than expected.
	expected: Thu May 26 14:10:11 2022
	actual:   Thu May 26 14:17:29 2022
Compiling UVM packages (uvm_pkg.sv cdns_uvm_pkg.sv) using uvmhome location /pkg/cadence-xcelium-/20.11.001/i686-linux/tools/methodology/UVM/CDNS-1.1d
file: ../sv/yapp_pkg.sv
      super.new(name);
              |
xmvlog: *W,CSNEXA (../sv/yapp_packet.sv,70|14): Explicit super.new arguments used instead of 'extends' arguments.
(`include file: ../sv/yapp_packet.sv line 76, file: ../sv/yapp_pkg.sv line 5)
package yapp_pkg;
               |
xmvlog: *W,TSNSPK (../sv/yapp_pkg.sv,1|15): `timescale is not specified for the package.  The default timescale of 1ns/1ns will be assumed for this package.
file: top.sv
    super.new(name, parent);
            |
xmvlog: *W,CSNEXA (router_test_lib.sv,35|12): Explicit super.new arguments used instead of 'extends' arguments.
(`include file: router_test_lib.sv line 45, file: top.sv line 19)
	module worklib.top:sv
		errors: 0, warnings: 1
		Caching library 'worklib' ....... Done
	Elaborating the design hierarchy:
	Top level design units:
		uvm_pkg
		cdns_uvmapi
		cdns_assert2uvm_pkg
		cdns_uvm_pkg
		yapp_pkg
		top
xmelab: *W,DSEMEL: This SystemVerilog design will be simulated as per IEEE 1800-2009 SystemVerilog simulation semantics. Use -disable_sem2009 option for turning off SV 2009 simulation semantics.
	Building instance overlay tables: .................... Done
	Generating native compiled code:
		worklib.uvm_pkg:sv <0x44803df7>
			streams:  20, words: 12873
		worklib.uvm_pkg:sv <0x50d9a218>
			streams:  20, words: 13257
		worklib.top:sv <0x7e8250a2>
			streams:  22, words: 15796
		worklib.uvm_pkg:sv <0x4f7f4d35>
			streams:  21, words: 19017
		worklib.top:sv <0x3c058d31>
			streams:   1, words:   652
	Building instance specific data structures.
	Loading native compiled code:     .................... Done
	Design hierarchy summary:
		                       Instances  Unique
		Modules:                       1       1
		Verilog packages:              5       5
		Registers:                 13775   10237
		Named events:                  4      12
		Initial blocks:              292     158
		Parallel blocks:              26      27
		Assertions:                    2       2
		SV Class declarations:       202     316
		SV Class specializations:    384     384
	Writing initial simulation snapshot: worklib.top:sv
Loading snapshot worklib.top:sv .................... Done
SVSEED default: 1
xmsim: *W,RNDXCELON: A newer version of the SystemVerilog constraint solver is being used which has better support for array-solving, new solve-order mechanism, and seed stability enhancements..
xmsim: *W,DSEM2009: This SystemVerilog design is simulated as per IEEE 1800-2009 SystemVerilog simulation semantics. Use -disable_sem2009 option for turning off SV 2009 simulation semantics.
xcelium> source /pkg/cadence-xcelium-/20.11.001/i686-linux/tools/xcelium/files/xmsimrc
xcelium> source /pkg/cadence-xcelium-/20.11.001/i686-linux/tools/methodology/UVM/CDNS-1.1d/additions/sv/files/tcl/uvm_sim.tcl
xcelium> run
----------------------------------------------------------------
CDNS-UVM-1.1d (20.11-a001)
(C) 2007-2013 Mentor Graphics Corporation
(C) 2007-2013 Cadence Design Systems, Inc.
(C) 2006-2013 Synopsys, Inc.
(C) 2011-2013 Cypress Semiconductor Corp.
----------------------------------------------------------------

  ***********       IMPORTANT RELEASE NOTES         ************

  You are using a version of the UVM library that has been compiled
  with `UVM_NO_DEPRECATED undefined.
  See http://www.eda.org/svdb/view.php?id=3313 for more details.

  You are using a version of the UVM library that has been compiled
  with `UVM_OBJECT_MUST_HAVE_CONSTRUCTOR undefined.
  See http://www.eda.org/svdb/view.php?id=3770 for more details.

      (Specify +UVM_NO_RELNOTES to turn off this notice)

UVM_WARNING @ 0: reporter [MULTTST] Multiple (2) +UVM_TESTNAME arguments provided on the command line.  'base_test' will be used.  Provided list: base_test, set_config_test.
UVM_INFO @ 0: reporter [RNTST] Running test base_test...
UVM_INFO @ 0: reporter [UVMTOP] UVM testbench topology:
-----------------------------------------------------------------------
Name                          Type                     Size  Value     
-----------------------------------------------------------------------
uvm_test_top                  base_test                -     @2594     
  router                      router_tb                -     @2668     
    yapp                      yapp_env                 -     @2712     
      agent                   yapp_tx_agent            -     @2744     
        driver                yapp_tx_driver           -     @3400     
          rsp_port            uvm_analysis_port        -     @3551     
            recording_detail  integral                 32    'd1       
          seq_item_port       uvm_seq_item_pull_port   -     @3502     
            recording_detail  integral                 32    'd1       
          recording_detail    integral                 32    'd1       
        monitor               yapp_tx_monitor          -     @2776     
          recording_detail    integral                 32    'd1       
        sequencer             yapp_tx_sequencer        -     @2774     
          rsp_export          uvm_analysis_export      -     @2871     
            recording_detail  integral                 32    'd1       
          seq_item_export     uvm_seq_item_pull_imp    -     @3421     
            recording_detail  integral                 32    'd1       
          recording_detail    integral                 32    'd1       
          arbitration_queue   array                    0     -         
          lock_queue          array                    0     -         
          num_last_reqs       integral                 32    'd1       
          num_last_rsps       integral                 32    'd1       
        is_active             uvm_active_passive_enum  1     UVM_ACTIVE
        recording_detail      integral                 32    'd1       
      recording_detail        integral                 32    'd1       
-----------------------------------------------------------------------

SDI/Verilog Transaction Recording Facility Version 20.11-a001
UVM_INFO ../sv/yapp_tx_monitor.sv(9) @ 0: uvm_test_top.router.yapp.agent.monitor [yapp_tx_monitor] Inside the monitor
UVM_INFO ../sv/yapp_tx_seqs.sv(81) @ 0: uvm_test_top.router.yapp.agent.sequencer@@yapp_5_packets [yapp_5_packets] Executing yapp_5_packets sequence
UVM_INFO ../sv/yapp_tx_driver.sv(17) @ 0: uvm_test_top.router.yapp.agent.driver [yapp_tx_driver] Packet is 
-----------------------------------------------------------------------------------------------------------
Name                           Type           Size  Value                                                  
-----------------------------------------------------------------------------------------------------------
req                            yapp_packet    -     @3659                                                  
  addr                         integral       2     'h1                                                    
  length                       integral       6     'h17                                                   
  payload                      da(integral)   23    -                                                      
    [0]                        integral       8     'hf4                                                   
    [1]                        integral       8     'hb                                                    
    [2]                        integral       8     'h21                                                   
    [3]                        integral       8     'ha8                                                   
    [4]                        integral       8     'h86                                                   
    ...                        ...            ...   ...                                                    
    [18]                       integral       8     'he0                                                   
    [19]                       integral       8     'hb5                                                   
    [20]                       integral       8     'he9                                                   
    [21]                       integral       8     'haf                                                   
    [22]                       integral       8     'h3e                                                   
  parity                       integral       8     'b110101                                               
  parity_type                  parity_type_e  1     GOOD_PARITY                                            
  packet_delay                 integral       32    'd13                                                   
  begin_time                   time           64    0                                                      
  depth                        int            32    'd2                                                    
  parent sequence (name)       string         14    yapp_5_packets                                         
  parent sequence (full name)  string         55    uvm_test_top.router.yapp.agent.sequencer.yapp_5_packets
  sequencer                    string         40    uvm_test_top.router.yapp.agent.sequencer               
-----------------------------------------------------------------------------------------------------------

UVM_INFO ../sv/yapp_tx_driver.sv(17) @ 10: uvm_test_top.router.yapp.agent.driver [yapp_tx_driver] Packet is 
-----------------------------------------------------------------------------------------------------------
Name                           Type           Size  Value                                                  
-----------------------------------------------------------------------------------------------------------
req                            yapp_packet    -     @3783                                                  
  addr                         integral       2     'h2                                                    
  length                       integral       6     'h14                                                   
  payload                      da(integral)   20    -                                                      
    [0]                        integral       8     'hff                                                   
    [1]                        integral       8     'h52                                                   
    [2]                        integral       8     'hd8                                                   
    [3]                        integral       8     'h2d                                                   
    [4]                        integral       8     'hb5                                                   
    ...                        ...            ...   ...                                                    
    [15]                       integral       8     'hc3                                                   
    [16]                       integral       8     'had                                                   
    [17]                       integral       8     'h6f                                                   
    [18]                       integral       8     'h4f                                                   
    [19]                       integral       8     'hb                                                    
  parity                       integral       8     'b1010101                                              
  parity_type                  parity_type_e  1     GOOD_PARITY                                            
  packet_delay                 integral       32    'd16                                                   
  begin_time                   time           64    10                                                     
  depth                        int            32    'd2                                                    
  parent sequence (name)       string         14    yapp_5_packets                                         
  parent sequence (full name)  string         55    uvm_test_top.router.yapp.agent.sequencer.yapp_5_packets
  sequencer                    string         40    uvm_test_top.router.yapp.agent.sequencer               
-----------------------------------------------------------------------------------------------------------

UVM_INFO ../sv/yapp_tx_driver.sv(17) @ 20: uvm_test_top.router.yapp.agent.driver [yapp_tx_driver] Packet is 
-----------------------------------------------------------------------------------------------------------
Name                           Type           Size  Value                                                  
-----------------------------------------------------------------------------------------------------------
req                            yapp_packet    -     @3813                                                  
  addr                         integral       2     'h2                                                    
  length                       integral       6     'h12                                                   
  payload                      da(integral)   18    -                                                      
    [0]                        integral       8     'ha                                                    
    [1]                        integral       8     'h6f                                                   
    [2]                        integral       8     'h7                                                    
    [3]                        integral       8     'h3                                                    
    [4]                        integral       8     'had                                                   
    ...                        ...            ...   ...                                                    
    [13]                       integral       8     'h82                                                   
    [14]                       integral       8     'hc1                                                   
    [15]                       integral       8     'h3b                                                   
    [16]                       integral       8     'hed                                                   
    [17]                       integral       8     'hc1                                                   
  parity                       integral       8     'b100100                                               
  parity_type                  parity_type_e  1     GOOD_PARITY                                            
  packet_delay                 integral       32    'd5                                                    
  begin_time                   time           64    20                                                     
  depth                        int            32    'd2                                                    
  parent sequence (name)       string         14    yapp_5_packets                                         
  parent sequence (full name)  string         55    uvm_test_top.router.yapp.agent.sequencer.yapp_5_packets
  sequencer                    string         40    uvm_test_top.router.yapp.agent.sequencer               
-----------------------------------------------------------------------------------------------------------

UVM_INFO ../sv/yapp_tx_driver.sv(17) @ 30: uvm_test_top.router.yapp.agent.driver [yapp_tx_driver] Packet is 
-----------------------------------------------------------------------------------------------------------
Name                           Type           Size  Value                                                  
-----------------------------------------------------------------------------------------------------------
req                            yapp_packet    -     @3760                                                  
  addr                         integral       2     'h0                                                    
  length                       integral       6     'h2f                                                   
  payload                      da(integral)   47    -                                                      
    [0]                        integral       8     'he4                                                   
    [1]                        integral       8     'hc4                                                   
    [2]                        integral       8     'h15                                                   
    [3]                        integral       8     'h48                                                   
    [4]                        integral       8     'h2b                                                   
    ...                        ...            ...   ...                                                    
    [42]                       integral       8     'h3e                                                   
    [43]                       integral       8     'hf5                                                   
    [44]                       integral       8     'hc6                                                   
    [45]                       integral       8     'ha4                                                   
    [46]                       integral       8     'h29                                                   
  parity                       integral       8     'b10011001                                             
  parity_type                  parity_type_e  1     GOOD_PARITY                                            
  packet_delay                 integral       32    'd16                                                   
  begin_time                   time           64    30                                                     
  depth                        int            32    'd2                                                    
  parent sequence (name)       string         14    yapp_5_packets                                         
  parent sequence (full name)  string         55    uvm_test_top.router.yapp.agent.sequencer.yapp_5_packets
  sequencer                    string         40    uvm_test_top.router.yapp.agent.sequencer               
-----------------------------------------------------------------------------------------------------------

UVM_INFO ../sv/yapp_tx_driver.sv(17) @ 40: uvm_test_top.router.yapp.agent.driver [yapp_tx_driver] Packet is 
-----------------------------------------------------------------------------------------------------------
Name                           Type           Size  Value                                                  
-----------------------------------------------------------------------------------------------------------
req                            yapp_packet    -     @3714                                                  
  addr                         integral       2     'h0                                                    
  length                       integral       6     'h3                                                    
  payload                      da(integral)   3     -                                                      
    [0]                        integral       8     'hbe                                                   
    [1]                        integral       8     'hf0                                                   
    [2]                        integral       8     'h9b                                                   
  parity                       integral       8     'b11011001                                             
  parity_type                  parity_type_e  1     GOOD_PARITY                                            
  packet_delay                 integral       32    'd14                                                   
  begin_time                   time           64    40                                                     
  depth                        int            32    'd2                                                    
  parent sequence (name)       string         14    yapp_5_packets                                         
  parent sequence (full name)  string         55    uvm_test_top.router.yapp.agent.sequencer.yapp_5_packets
  sequencer                    string         40    uvm_test_top.router.yapp.agent.sequencer               
-----------------------------------------------------------------------------------------------------------

UVM_INFO /pkg/cadence-xcelium-/20.11.001/i686-linux/tools/methodology/UVM/CDNS-1.1d/sv/src/base/uvm_objection.svh(1268) @ 50: reporter [TEST_DONE] 'run' phase is ready to proceed to the 'extract' phase

--- UVM Report catcher Summary ---


Number of demoted UVM_FATAL reports  :    0
Number of demoted UVM_ERROR reports  :    0
Number of demoted UVM_WARNING reports:    0
Number of caught UVM_FATAL reports   :    0
Number of caught UVM_ERROR reports   :    0
Number of caught UVM_WARNING reports :    0

--- UVM Report Summary ---

** Report counts by severity
UVM_INFO :   10
UVM_WARNING :    1
UVM_ERROR :    0
UVM_FATAL :    0
** Report counts by id
[MULTTST]     1
[RNTST]     1
[TEST_DONE]     1
[UVMTOP]     1
[yapp_5_packets]     1
[yapp_tx_driver]     5
[yapp_tx_monitor]     1
Simulation complete via $finish(1) at time 50 NS + 49
/pkg/cadence-xcelium-/20.11.001/i686-linux/tools/methodology/UVM/CDNS-1.1d/sv/src/base/uvm_root.svh:457     $finish;
xcelium> exit
TOOL:	xrun(64)	20.11-a001: Exiting on May 26, 2022 at 14:31:53 MST  (total: 00:00:22)
